<?xml version="1.0" encoding="UTF-8"?>
<testsuite name="LinearizabilityTest" tests="1" skipped="0" failures="0" errors="0" timestamp="2021-10-02T16:08:47" hostname="MacBook-Pro-3.local" time="61.284">
  <properties/>
  <testcase name="test" classname="LinearizabilityTest" time="61.284"/>
  <system-out><![CDATA[]]></system-out>
  <system-err><![CDATA[]]></system-err>
</testsuite>
