<?xml version="1.0" encoding="UTF-8"?>
<testsuite name="CodeTest" tests="4" skipped="0" failures="0" errors="0" timestamp="2021-10-02T16:10:08" hostname="MacBook-Pro-3.local" time="0.002">
  <properties/>
  <testcase name="testAccountLock" classname="CodeTest" time="0.0"/>
  <testcase name="testFineGrainedLock" classname="CodeTest" time="0.002"/>
  <testcase name="testNoSynchronizedMethods" classname="CodeTest" time="0.0"/>
  <testcase name="testImplFields" classname="CodeTest" time="0.0"/>
  <system-out><![CDATA[]]></system-out>
  <system-err><![CDATA[]]></system-err>
</testsuite>
