<?xml version="1.0" encoding="UTF-8"?>
<testsuite name="MTStressTest" tests="1" skipped="0" failures="0" errors="0" timestamp="2021-10-02T16:09:48" hostname="MacBook-Pro-3.local" time="20.012">
  <properties/>
  <testcase name="testStress" classname="MTStressTest" time="20.012"/>
  <system-out><![CDATA[Phase # 1 - done  2,453,670 ops (warm up)
Phase # 2 - done  2,627,560 ops (warm up)
Phase # 3 - done  2,608,354 ops (warm up)
Phase # 4 - done  2,616,820 ops (warm up)
Phase # 5 - done  2,607,022 ops (warm up)
Phase # 6 - done  2,622,917 ops (warm up)
Phase # 7 - done  2,623,790 ops (warm up)
Phase # 8 - done  2,662,870 ops (warm up)
Phase # 9 - done  2,672,559 ops (warm up)
Phase #10 - done  2,670,783 ops (warm up)
Phase #11 - done  2,645,300 ops (measure)
Phase #12 - done  2,636,768 ops (measure)
Phase #13 - done  2,630,613 ops (measure)
Phase #14 - done  2,639,732 ops (measure)
Phase #15 - done  2,633,130 ops (measure)
Phase #16 - done  2,640,997 ops (measure)
Phase #17 - done  2,617,346 ops (measure)
Phase #18 - done  2,631,910 ops (measure)
Phase #19 - done  2,629,096 ops (measure)
Phase #20 - done  2,682,701 ops (measure)
Average ops per phase: 2,638,759 +- 17,258
]]></system-out>
  <system-err><![CDATA[]]></system-err>
</testsuite>
