<?xml version="1.0" encoding="UTF-8"?>
<testsuite name="CorrectnessTest" tests="4" skipped="0" failures="0" errors="0" timestamp="2021-12-13T12:51:52" hostname="MacBook-Pro-3.local" time="0.592">
  <properties/>
  <testcase name="testConcurrentRandom" classname="CorrectnessTest" time="0.152"/>
  <testcase name="testSolutionClass" classname="CorrectnessTest" time="0.0"/>
  <testcase name="testRandom" classname="CorrectnessTest" time="0.44"/>
  <testcase name="testSimple" classname="CorrectnessTest" time="0.0"/>
  <system-out><![CDATA[]]></system-out>
  <system-err><![CDATA[]]></system-err>
</testsuite>
