<?xml version="1.0" encoding="UTF-8"?>
<testsuite name="LockFreedomTest" tests="1" skipped="0" failures="0" errors="0" timestamp="2021-12-13T12:51:52" hostname="MacBook-Pro-3.local" time="3.119">
  <properties/>
  <testcase name="testLockFreedom" classname="LockFreedomTest" time="3.119"/>
  <system-out><![CDATA[=== LockFreedomTest
--- 0: Performed 0 operations
--- 1: Performed 1913639 operations (pause/resumes 122)
--- 2: Performed 3845812 operations (pause/resumes 124)
--- 3: Performed 5643192 operations (pause/resumes 124)
------ Done with 5643742 operations (pause/resumes 125)
]]></system-out>
  <system-err><![CDATA[]]></system-err>
</testsuite>
