<?xml version="1.0" encoding="UTF-8"?>
<testsuite name="LinearizabilityTest" tests="1" skipped="0" failures="0" errors="0" timestamp="2021-12-13T12:51:55" hostname="MacBook-Pro-3.local" time="17.696">
  <properties/>
  <testcase name="testLinearizability" classname="LinearizabilityTest" time="17.696"/>
  <system-out><![CDATA[]]></system-out>
  <system-err><![CDATA[]]></system-err>
</testsuite>
